[10533:0523/223314:ERROR:browser_main_loop.cc(162)] Running without the SUID sandbox! See https://code.google.com/p/chromium/wiki/LinuxSUIDSandboxDevelopment for more information on developing with the sandbox on.
/home/piratax007/.themes/TrOn/gtk-2.0/menurc:17: Imposible encontrar un archivo imagen en pixmap_path: «menu/mtbg.png»
/home/piratax007/.themes/TrOn/gtk-2.0/menurc:19: Background image options specified without filename
/home/piratax007/.themes/TrOn/gtk-2.0/expanderc:35: Imposible encontrar un archivo imagen en pixmap_path: «arrow/eap.png»
/home/piratax007/.themes/TrOn/gtk-2.0/expanderc:35: Background image options specified without filename
/home/piratax007/.themes/TrOn/gtk-2.0/expanderc:41: Imposible encontrar un archivo imagen en pixmap_path: «arrow/eap.png»
/home/piratax007/.themes/TrOn/gtk-2.0/expanderc:41: Background image options specified without filename
/home/piratax007/.themes/TrOn/gtk-2.0/expanderc:47: Imposible encontrar un archivo imagen en pixmap_path: «arrow/eap.png»
/home/piratax007/.themes/TrOn/gtk-2.0/expanderc:47: Background image options specified without filename
ATTENTION: default value of option force_s3tc_enable overridden by environment.
[10533:0523/223315:ERROR:gpu_process_transport_factory.cc(418)] Failed to establish GPU channel.
[1535:0525/143219:ERROR:browser_main_loop.cc(162)] Running without the SUID sandbox! See https://code.google.com/p/chromium/wiki/LinuxSUIDSandboxDevelopment for more information on developing with the sandbox on.
/home/piratax007/.themes/TrOn/gtk-2.0/menurc:17: Imposible encontrar un archivo imagen en pixmap_path: «menu/mtbg.png»
/home/piratax007/.themes/TrOn/gtk-2.0/menurc:19: Background image options specified without filename
/home/piratax007/.themes/TrOn/gtk-2.0/expanderc:35: Imposible encontrar un archivo imagen en pixmap_path: «arrow/eap.png»
/home/piratax007/.themes/TrOn/gtk-2.0/expanderc:35: Background image options specified without filename
/home/piratax007/.themes/TrOn/gtk-2.0/expanderc:41: Imposible encontrar un archivo imagen en pixmap_path: «arrow/eap.png»
/home/piratax007/.themes/TrOn/gtk-2.0/expanderc:41: Background image options specified without filename
/home/piratax007/.themes/TrOn/gtk-2.0/expanderc:47: Imposible encontrar un archivo imagen en pixmap_path: «arrow/eap.png»
/home/piratax007/.themes/TrOn/gtk-2.0/expanderc:47: Background image options specified without filename
ATTENTION: default value of option force_s3tc_enable overridden by environment.
Hangup
[1959:0525/144230:ERROR:browser_main_loop.cc(162)] Running without the SUID sandbox! See https://code.google.com/p/chromium/wiki/LinuxSUIDSandboxDevelopment for more information on developing with the sandbox on.
/home/piratax007/.themes/TrOn/gtk-2.0/menurc:17: Imposible encontrar un archivo imagen en pixmap_path: «menu/mtbg.png»
/home/piratax007/.themes/TrOn/gtk-2.0/menurc:19: Background image options specified without filename
/home/piratax007/.themes/TrOn/gtk-2.0/expanderc:35: Imposible encontrar un archivo imagen en pixmap_path: «arrow/eap.png»
/home/piratax007/.themes/TrOn/gtk-2.0/expanderc:35: Background image options specified without filename
/home/piratax007/.themes/TrOn/gtk-2.0/expanderc:41: Imposible encontrar un archivo imagen en pixmap_path: «arrow/eap.png»
/home/piratax007/.themes/TrOn/gtk-2.0/expanderc:41: Background image options specified without filename
/home/piratax007/.themes/TrOn/gtk-2.0/expanderc:47: Imposible encontrar un archivo imagen en pixmap_path: «arrow/eap.png»
/home/piratax007/.themes/TrOn/gtk-2.0/expanderc:47: Background image options specified without filename
ATTENTION: default value of option force_s3tc_enable overridden by environment.
[2258:0525/145717:ERROR:browser_main_loop.cc(162)] Running without the SUID sandbox! See https://code.google.com/p/chromium/wiki/LinuxSUIDSandboxDevelopment for more information on developing with the sandbox on.
/home/piratax007/.themes/TrOn/gtk-2.0/menurc:17: Imposible encontrar un archivo imagen en pixmap_path: «menu/mtbg.png»
/home/piratax007/.themes/TrOn/gtk-2.0/menurc:19: Background image options specified without filename
/home/piratax007/.themes/TrOn/gtk-2.0/expanderc:35: Imposible encontrar un archivo imagen en pixmap_path: «arrow/eap.png»
/home/piratax007/.themes/TrOn/gtk-2.0/expanderc:35: Background image options specified without filename
/home/piratax007/.themes/TrOn/gtk-2.0/expanderc:41: Imposible encontrar un archivo imagen en pixmap_path: «arrow/eap.png»
/home/piratax007/.themes/TrOn/gtk-2.0/expanderc:41: Background image options specified without filename
/home/piratax007/.themes/TrOn/gtk-2.0/expanderc:47: Imposible encontrar un archivo imagen en pixmap_path: «arrow/eap.png»
/home/piratax007/.themes/TrOn/gtk-2.0/expanderc:47: Background image options specified without filename
ATTENTION: default value of option force_s3tc_enable overridden by environment.
[7449:0601/110920:ERROR:browser_main_loop.cc(162)] Running without the SUID sandbox! See https://code.google.com/p/chromium/wiki/LinuxSUIDSandboxDevelopment for more information on developing with the sandbox on.
/home/piratax007/.themes/TrOn/gtk-2.0/menurc:17: Imposible encontrar un archivo imagen en pixmap_path: «menu/mtbg.png»
/home/piratax007/.themes/TrOn/gtk-2.0/menurc:19: Background image options specified without filename
/home/piratax007/.themes/TrOn/gtk-2.0/expanderc:35: Imposible encontrar un archivo imagen en pixmap_path: «arrow/eap.png»
/home/piratax007/.themes/TrOn/gtk-2.0/expanderc:35: Background image options specified without filename
/home/piratax007/.themes/TrOn/gtk-2.0/expanderc:41: Imposible encontrar un archivo imagen en pixmap_path: «arrow/eap.png»
/home/piratax007/.themes/TrOn/gtk-2.0/expanderc:41: Background image options specified without filename
/home/piratax007/.themes/TrOn/gtk-2.0/expanderc:47: Imposible encontrar un archivo imagen en pixmap_path: «arrow/eap.png»
/home/piratax007/.themes/TrOn/gtk-2.0/expanderc:47: Background image options specified without filename
ATTENTION: default value of option force_s3tc_enable overridden by environment.
